<?xml version="1.0" encoding="UTF-8"?>
<testsuite xmlns:xsi="http://www.w3.org/2001/XMLSchema-instance" xsi:noNamespaceSchemaLocation="https://maven.apache.org/surefire/maven-surefire-plugin/xsd/surefire-test-report-3.0.xsd" version="3.0" name="com.example.order.test.component.behaviour.OrderServiceTest" time="3.254" tests="1" errors="1" skipped="0" failures="0">
  <properties>
    <property name="java.specification.version" value="23"/>
    <property name="sun.jnu.encoding" value="UTF-8"/>
    <property name="java.class.path" value="/Users/lassegrot/Desktop/PrüfungSlotosNeu/order3/target/test-classes:/Users/lassegrot/Desktop/PrüfungSlotosNeu/order3/target/classes:/Users/lassegrot/.m2/repository/org/springframework/boot/spring-boot-starter-web/3.1.12/spring-boot-starter-web-3.1.12.jar:/Users/lassegrot/.m2/repository/org/springframework/boot/spring-boot-starter/3.1.12/spring-boot-starter-3.1.12.jar:/Users/lassegrot/.m2/repository/org/springframework/boot/spring-boot/3.1.12/spring-boot-3.1.12.jar:/Users/lassegrot/.m2/repository/org/springframework/boot/spring-boot-autoconfigure/3.1.12/spring-boot-autoconfigure-3.1.12.jar:/Users/lassegrot/.m2/repository/org/springframework/boot/spring-boot-starter-logging/3.1.12/spring-boot-starter-logging-3.1.12.jar:/Users/lassegrot/.m2/repository/ch/qos/logback/logback-classic/1.4.14/logback-classic-1.4.14.jar:/Users/lassegrot/.m2/repository/ch/qos/logback/logback-core/1.4.14/logback-core-1.4.14.jar:/Users/lassegrot/.m2/repository/org/apache/logging/log4j/log4j-to-slf4j/2.20.0/log4j-to-slf4j-2.20.0.jar:/Users/lassegrot/.m2/repository/org/apache/logging/log4j/log4j-api/2.20.0/log4j-api-2.20.0.jar:/Users/lassegrot/.m2/repository/org/slf4j/jul-to-slf4j/2.0.13/jul-to-slf4j-2.0.13.jar:/Users/lassegrot/.m2/repository/jakarta/annotation/jakarta.annotation-api/2.1.1/jakarta.annotation-api-2.1.1.jar:/Users/lassegrot/.m2/repository/org/yaml/snakeyaml/1.33/snakeyaml-1.33.jar:/Users/lassegrot/.m2/repository/org/springframework/boot/spring-boot-starter-json/3.1.12/spring-boot-starter-json-3.1.12.jar:/Users/lassegrot/.m2/repository/com/fasterxml/jackson/core/jackson-databind/2.15.4/jackson-databind-2.15.4.jar:/Users/lassegrot/.m2/repository/com/fasterxml/jackson/datatype/jackson-datatype-jdk8/2.15.4/jackson-datatype-jdk8-2.15.4.jar:/Users/lassegrot/.m2/repository/com/fasterxml/jackson/datatype/jackson-datatype-jsr310/2.15.4/jackson-datatype-jsr310-2.15.4.jar:/Users/lassegrot/.m2/repository/com/fasterxml/jackson/module/jackson-module-parameter-names/2.15.4/jackson-module-parameter-names-2.15.4.jar:/Users/lassegrot/.m2/repository/org/springframework/boot/spring-boot-starter-tomcat/3.1.12/spring-boot-starter-tomcat-3.1.12.jar:/Users/lassegrot/.m2/repository/org/apache/tomcat/embed/tomcat-embed-core/10.1.24/tomcat-embed-core-10.1.24.jar:/Users/lassegrot/.m2/repository/org/apache/tomcat/embed/tomcat-embed-el/10.1.24/tomcat-embed-el-10.1.24.jar:/Users/lassegrot/.m2/repository/org/apache/tomcat/embed/tomcat-embed-websocket/10.1.24/tomcat-embed-websocket-10.1.24.jar:/Users/lassegrot/.m2/repository/org/springframework/spring-web/6.0.21/spring-web-6.0.21.jar:/Users/lassegrot/.m2/repository/org/springframework/spring-beans/6.0.21/spring-beans-6.0.21.jar:/Users/lassegrot/.m2/repository/io/micrometer/micrometer-observation/1.11.12/micrometer-observation-1.11.12.jar:/Users/lassegrot/.m2/repository/io/micrometer/micrometer-commons/1.11.12/micrometer-commons-1.11.12.jar:/Users/lassegrot/.m2/repository/org/springframework/spring-webmvc/6.0.21/spring-webmvc-6.0.21.jar:/Users/lassegrot/.m2/repository/org/springframework/spring-aop/6.0.21/spring-aop-6.0.21.jar:/Users/lassegrot/.m2/repository/org/springframework/spring-context/6.0.21/spring-context-6.0.21.jar:/Users/lassegrot/.m2/repository/org/springframework/spring-expression/6.0.21/spring-expression-6.0.21.jar:/Users/lassegrot/.m2/repository/org/springframework/boot/spring-boot-starter-amqp/3.1.12/spring-boot-starter-amqp-3.1.12.jar:/Users/lassegrot/.m2/repository/org/springframework/spring-messaging/6.0.21/spring-messaging-6.0.21.jar:/Users/lassegrot/.m2/repository/org/springframework/amqp/spring-rabbit/3.0.14/spring-rabbit-3.0.14.jar:/Users/lassegrot/.m2/repository/org/springframework/amqp/spring-amqp/3.0.14/spring-amqp-3.0.14.jar:/Users/lassegrot/.m2/repository/org/springframework/retry/spring-retry/2.0.6/spring-retry-2.0.6.jar:/Users/lassegrot/.m2/repository/com/rabbitmq/amqp-client/5.17.1/amqp-client-5.17.1.jar:/Users/lassegrot/.m2/repository/org/springframework/spring-tx/6.0.21/spring-tx-6.0.21.jar:/Users/lassegrot/.m2/repository/org/springframework/boot/spring-boot-starter-data-mongodb/3.1.12/spring-boot-starter-data-mongodb-3.1.12.jar:/Users/lassegrot/.m2/repository/org/mongodb/mongodb-driver-sync/4.9.1/mongodb-driver-sync-4.9.1.jar:/Users/lassegrot/.m2/repository/org/mongodb/bson/4.9.1/bson-4.9.1.jar:/Users/lassegrot/.m2/repository/org/mongodb/mongodb-driver-core/4.9.1/mongodb-driver-core-4.9.1.jar:/Users/lassegrot/.m2/repository/org/mongodb/bson-record-codec/4.9.1/bson-record-codec-4.9.1.jar:/Users/lassegrot/.m2/repository/org/springframework/data/spring-data-mongodb/4.1.12/spring-data-mongodb-4.1.12.jar:/Users/lassegrot/.m2/repository/org/springframework/data/spring-data-commons/3.1.12/spring-data-commons-3.1.12.jar:/Users/lassegrot/.m2/repository/org/slf4j/slf4j-api/2.0.13/slf4j-api-2.0.13.jar:/Users/lassegrot/.m2/repository/org/springframework/cloud/spring-cloud-starter-netflix-eureka-client/4.0.3/spring-cloud-starter-netflix-eureka-client-4.0.3.jar:/Users/lassegrot/.m2/repository/org/springframework/cloud/spring-cloud-starter/4.0.4/spring-cloud-starter-4.0.4.jar:/Users/lassegrot/.m2/repository/org/springframework/cloud/spring-cloud-context/4.0.4/spring-cloud-context-4.0.4.jar:/Users/lassegrot/.m2/repository/org/springframework/security/spring-security-rsa/1.0.12.RELEASE/spring-security-rsa-1.0.12.RELEASE.jar:/Users/lassegrot/.m2/repository/org/bouncycastle/bcpkix-jdk18on/1.73/bcpkix-jdk18on-1.73.jar:/Users/lassegrot/.m2/repository/org/bouncycastle/bcprov-jdk18on/1.73/bcprov-jdk18on-1.73.jar:/Users/lassegrot/.m2/repository/org/bouncycastle/bcutil-jdk18on/1.73/bcutil-jdk18on-1.73.jar:/Users/lassegrot/.m2/repository/org/springframework/cloud/spring-cloud-netflix-eureka-client/4.0.3/spring-cloud-netflix-eureka-client-4.0.3.jar:/Users/lassegrot/.m2/repository/org/apache/httpcomponents/client5/httpclient5/5.2.3/httpclient5-5.2.3.jar:/Users/lassegrot/.m2/repository/org/apache/httpcomponents/core5/httpcore5/5.2.4/httpcore5-5.2.4.jar:/Users/lassegrot/.m2/repository/org/apache/httpcomponents/core5/httpcore5-h2/5.2.4/httpcore5-h2-5.2.4.jar:/Users/lassegrot/.m2/repository/com/netflix/eureka/eureka-client/2.0.1/eureka-client-2.0.1.jar:/Users/lassegrot/.m2/repository/com/netflix/netflix-commons/netflix-eventbus/0.3.0/netflix-eventbus-0.3.0.jar:/Users/lassegrot/.m2/repository/com/netflix/netflix-commons/netflix-infix/0.3.0/netflix-infix-0.3.0.jar:/Users/lassegrot/.m2/repository/commons-jxpath/commons-jxpath/1.3/commons-jxpath-1.3.jar:/Users/lassegrot/.m2/repository/joda-time/joda-time/2.3/joda-time-2.3.jar:/Users/lassegrot/.m2/repository/org/antlr/antlr-runtime/3.4/antlr-runtime-3.4.jar:/Users/lassegrot/.m2/repository/org/antlr/stringtemplate/3.2.1/stringtemplate-3.2.1.jar:/Users/lassegrot/.m2/repository/antlr/antlr/2.7.7/antlr-2.7.7.jar:/Users/lassegrot/.m2/repository/com/google/code/gson/gson/2.10.1/gson-2.10.1.jar:/Users/lassegrot/.m2/repository/org/apache/commons/commons-math/2.2/commons-math-2.2.jar:/Users/lassegrot/.m2/repository/com/thoughtworks/xstream/xstream/1.4.19/xstream-1.4.19.jar:/Users/lassegrot/.m2/repository/io/github/x-stream/mxparser/1.2.2/mxparser-1.2.2.jar:/Users/lassegrot/.m2/repository/xmlpull/xmlpull/1.1.3.1/xmlpull-1.1.3.1.jar:/Users/lassegrot/.m2/repository/jakarta/ws/rs/jakarta.ws.rs-api/3.1.0/jakarta.ws.rs-api-3.1.0.jar:/Users/lassegrot/.m2/repository/jakarta/inject/jakarta.inject-api/2.0.1/jakarta.inject-api-2.0.1.jar:/Users/lassegrot/.m2/repository/com/netflix/servo/servo-core/0.12.21/servo-core-0.12.21.jar:/Users/lassegrot/.m2/repository/com/google/guava/guava/19.0/guava-19.0.jar:/Users/lassegrot/.m2/repository/org/apache/httpcomponents/httpclient/4.5.3/httpclient-4.5.3.jar:/Users/lassegrot/.m2/repository/org/apache/httpcomponents/httpcore/4.4.16/httpcore-4.4.16.jar:/Users/lassegrot/.m2/repository/commons-codec/commons-codec/1.15/commons-codec-1.15.jar:/Users/lassegrot/.m2/repository/commons-configuration/commons-configuration/1.10/commons-configuration-1.10.jar:/Users/lassegrot/.m2/repository/commons-lang/commons-lang/2.6/commons-lang-2.6.jar:/Users/lassegrot/.m2/repository/com/fasterxml/jackson/core/jackson-annotations/2.15.4/jackson-annotations-2.15.4.jar:/Users/lassegrot/.m2/repository/com/fasterxml/jackson/core/jackson-core/2.15.4/jackson-core-2.15.4.jar:/Users/lassegrot/.m2/repository/org/codehaus/jettison/jettison/1.4.0/jettison-1.4.0.jar:/Users/lassegrot/.m2/repository/com/netflix/eureka/eureka-core/2.0.1/eureka-core-2.0.1.jar:/Users/lassegrot/.m2/repository/jakarta/servlet/jakarta.servlet-api/6.0.0/jakarta.servlet-api-6.0.0.jar:/Users/lassegrot/.m2/repository/com/fasterxml/woodstox/woodstox-core/6.2.1/woodstox-core-6.2.1.jar:/Users/lassegrot/.m2/repository/org/codehaus/woodstox/stax2-api/4.2.1/stax2-api-4.2.1.jar:/Users/lassegrot/.m2/repository/org/springframework/cloud/spring-cloud-starter-loadbalancer/4.0.4/spring-cloud-starter-loadbalancer-4.0.4.jar:/Users/lassegrot/.m2/repository/org/springframework/cloud/spring-cloud-loadbalancer/4.0.4/spring-cloud-loadbalancer-4.0.4.jar:/Users/lassegrot/.m2/repository/io/projectreactor/reactor-core/3.5.17/reactor-core-3.5.17.jar:/Users/lassegrot/.m2/repository/org/reactivestreams/reactive-streams/1.0.4/reactive-streams-1.0.4.jar:/Users/lassegrot/.m2/repository/io/projectreactor/addons/reactor-extra/3.5.1/reactor-extra-3.5.1.jar:/Users/lassegrot/.m2/repository/org/springframework/boot/spring-boot-starter-cache/3.1.12/spring-boot-starter-cache-3.1.12.jar:/Users/lassegrot/.m2/repository/org/springframework/spring-context-support/6.0.21/spring-context-support-6.0.21.jar:/Users/lassegrot/.m2/repository/com/stoyanr/evictor/1.0.0/evictor-1.0.0.jar:/Users/lassegrot/.m2/repository/org/springframework/cloud/spring-cloud-starter-openfeign/4.0.4/spring-cloud-starter-openfeign-4.0.4.jar:/Users/lassegrot/.m2/repository/org/springframework/cloud/spring-cloud-openfeign-core/4.0.4/spring-cloud-openfeign-core-4.0.4.jar:/Users/lassegrot/.m2/repository/org/springframework/boot/spring-boot-starter-aop/3.1.12/spring-boot-starter-aop-3.1.12.jar:/Users/lassegrot/.m2/repository/org/aspectj/aspectjweaver/1.9.22/aspectjweaver-1.9.22.jar:/Users/lassegrot/.m2/repository/io/github/openfeign/form/feign-form-spring/3.8.0/feign-form-spring-3.8.0.jar:/Users/lassegrot/.m2/repository/io/github/openfeign/form/feign-form/3.8.0/feign-form-3.8.0.jar:/Users/lassegrot/.m2/repository/commons-fileupload/commons-fileupload/1.5/commons-fileupload-1.5.jar:/Users/lassegrot/.m2/repository/commons-io/commons-io/2.11.0/commons-io-2.11.0.jar:/Users/lassegrot/.m2/repository/org/springframework/cloud/spring-cloud-commons/4.0.4/spring-cloud-commons-4.0.4.jar:/Users/lassegrot/.m2/repository/org/springframework/security/spring-security-crypto/6.1.9/spring-security-crypto-6.1.9.jar:/Users/lassegrot/.m2/repository/io/github/openfeign/feign-core/12.4/feign-core-12.4.jar:/Users/lassegrot/.m2/repository/io/github/openfeign/feign-slf4j/12.4/feign-slf4j-12.4.jar:/Users/lassegrot/.m2/repository/org/springframework/boot/spring-boot-starter-test/3.1.12/spring-boot-starter-test-3.1.12.jar:/Users/lassegrot/.m2/repository/org/springframework/boot/spring-boot-test/3.1.12/spring-boot-test-3.1.12.jar:/Users/lassegrot/.m2/repository/org/springframework/boot/spring-boot-test-autoconfigure/3.1.12/spring-boot-test-autoconfigure-3.1.12.jar:/Users/lassegrot/.m2/repository/com/jayway/jsonpath/json-path/2.9.0/json-path-2.9.0.jar:/Users/lassegrot/.m2/repository/jakarta/xml/bind/jakarta.xml.bind-api/4.0.2/jakarta.xml.bind-api-4.0.2.jar:/Users/lassegrot/.m2/repository/jakarta/activation/jakarta.activation-api/2.1.3/jakarta.activation-api-2.1.3.jar:/Users/lassegrot/.m2/repository/net/minidev/json-smart/2.4.11/json-smart-2.4.11.jar:/Users/lassegrot/.m2/repository/net/minidev/accessors-smart/2.4.11/accessors-smart-2.4.11.jar:/Users/lassegrot/.m2/repository/org/ow2/asm/asm/9.3/asm-9.3.jar:/Users/lassegrot/.m2/repository/org/assertj/assertj-core/3.24.2/assertj-core-3.24.2.jar:/Users/lassegrot/.m2/repository/net/bytebuddy/byte-buddy/1.14.16/byte-buddy-1.14.16.jar:/Users/lassegrot/.m2/repository/org/hamcrest/hamcrest/2.2/hamcrest-2.2.jar:/Users/lassegrot/.m2/repository/org/mockito/mockito-core/5.3.1/mockito-core-5.3.1.jar:/Users/lassegrot/.m2/repository/net/bytebuddy/byte-buddy-agent/1.14.16/byte-buddy-agent-1.14.16.jar:/Users/lassegrot/.m2/repository/org/objenesis/objenesis/3.3/objenesis-3.3.jar:/Users/lassegrot/.m2/repository/org/skyscreamer/jsonassert/1.5.1/jsonassert-1.5.1.jar:/Users/lassegrot/.m2/repository/com/vaadin/external/google/android-json/0.0.20131108.vaadin1/android-json-0.0.20131108.vaadin1.jar:/Users/lassegrot/.m2/repository/org/springframework/spring-core/6.0.21/spring-core-6.0.21.jar:/Users/lassegrot/.m2/repository/org/springframework/spring-jcl/6.0.21/spring-jcl-6.0.21.jar:/Users/lassegrot/.m2/repository/org/springframework/spring-test/6.0.21/spring-test-6.0.21.jar:/Users/lassegrot/.m2/repository/org/xmlunit/xmlunit-core/2.9.1/xmlunit-core-2.9.1.jar:/Users/lassegrot/.m2/repository/org/junit/jupiter/junit-jupiter/5.9.3/junit-jupiter-5.9.3.jar:/Users/lassegrot/.m2/repository/org/junit/jupiter/junit-jupiter-api/5.9.3/junit-jupiter-api-5.9.3.jar:/Users/lassegrot/.m2/repository/org/opentest4j/opentest4j/1.2.0/opentest4j-1.2.0.jar:/Users/lassegrot/.m2/repository/org/junit/platform/junit-platform-commons/1.9.3/junit-platform-commons-1.9.3.jar:/Users/lassegrot/.m2/repository/org/apiguardian/apiguardian-api/1.1.2/apiguardian-api-1.1.2.jar:/Users/lassegrot/.m2/repository/org/junit/jupiter/junit-jupiter-params/5.9.3/junit-jupiter-params-5.9.3.jar:/Users/lassegrot/.m2/repository/org/junit/jupiter/junit-jupiter-engine/5.9.3/junit-jupiter-engine-5.9.3.jar:/Users/lassegrot/.m2/repository/org/junit/platform/junit-platform-engine/1.9.3/junit-platform-engine-1.9.3.jar:/Users/lassegrot/.m2/repository/org/mockito/mockito-junit-jupiter/5.3.1/mockito-junit-jupiter-5.3.1.jar:"/>
    <property name="java.vm.vendor" value="Homebrew"/>
    <property name="sun.arch.data.model" value="64"/>
    <property name="java.vendor.url" value="https://github.com/Homebrew/homebrew-core/issues"/>
    <property name="user.timezone" value="Europe/Berlin"/>
    <property name="os.name" value="Mac OS X"/>
    <property name="java.vm.specification.version" value="23"/>
    <property name="sun.java.launcher" value="SUN_STANDARD"/>
    <property name="user.country" value="DE"/>
    <property name="sun.boot.library.path" value="/usr/local/Cellar/openjdk/23.0.2/libexec/openjdk.jdk/Contents/Home/lib"/>
    <property name="sun.java.command" value="/Users/lassegrot/Desktop/PrüfungSlotosNeu/order3/target/surefire/surefirebooter-20250323005935923_3.jar /Users/lassegrot/Desktop/PrüfungSlotosNeu/order3/target/surefire 2025-03-23T00-59-35_828-jvmRun1 surefire-20250323005935923_1tmp surefire_0-20250323005935923_2tmp"/>
    <property name="http.nonProxyHosts" value="local|*.local|169.254/16|*.169.254/16"/>
    <property name="jdk.debug" value="release"/>
    <property name="surefire.test.class.path" value="/Users/lassegrot/Desktop/PrüfungSlotosNeu/order3/target/test-classes:/Users/lassegrot/Desktop/PrüfungSlotosNeu/order3/target/classes:/Users/lassegrot/.m2/repository/org/springframework/boot/spring-boot-starter-web/3.1.12/spring-boot-starter-web-3.1.12.jar:/Users/lassegrot/.m2/repository/org/springframework/boot/spring-boot-starter/3.1.12/spring-boot-starter-3.1.12.jar:/Users/lassegrot/.m2/repository/org/springframework/boot/spring-boot/3.1.12/spring-boot-3.1.12.jar:/Users/lassegrot/.m2/repository/org/springframework/boot/spring-boot-autoconfigure/3.1.12/spring-boot-autoconfigure-3.1.12.jar:/Users/lassegrot/.m2/repository/org/springframework/boot/spring-boot-starter-logging/3.1.12/spring-boot-starter-logging-3.1.12.jar:/Users/lassegrot/.m2/repository/ch/qos/logback/logback-classic/1.4.14/logback-classic-1.4.14.jar:/Users/lassegrot/.m2/repository/ch/qos/logback/logback-core/1.4.14/logback-core-1.4.14.jar:/Users/lassegrot/.m2/repository/org/apache/logging/log4j/log4j-to-slf4j/2.20.0/log4j-to-slf4j-2.20.0.jar:/Users/lassegrot/.m2/repository/org/apache/logging/log4j/log4j-api/2.20.0/log4j-api-2.20.0.jar:/Users/lassegrot/.m2/repository/org/slf4j/jul-to-slf4j/2.0.13/jul-to-slf4j-2.0.13.jar:/Users/lassegrot/.m2/repository/jakarta/annotation/jakarta.annotation-api/2.1.1/jakarta.annotation-api-2.1.1.jar:/Users/lassegrot/.m2/repository/org/yaml/snakeyaml/1.33/snakeyaml-1.33.jar:/Users/lassegrot/.m2/repository/org/springframework/boot/spring-boot-starter-json/3.1.12/spring-boot-starter-json-3.1.12.jar:/Users/lassegrot/.m2/repository/com/fasterxml/jackson/core/jackson-databind/2.15.4/jackson-databind-2.15.4.jar:/Users/lassegrot/.m2/repository/com/fasterxml/jackson/datatype/jackson-datatype-jdk8/2.15.4/jackson-datatype-jdk8-2.15.4.jar:/Users/lassegrot/.m2/repository/com/fasterxml/jackson/datatype/jackson-datatype-jsr310/2.15.4/jackson-datatype-jsr310-2.15.4.jar:/Users/lassegrot/.m2/repository/com/fasterxml/jackson/module/jackson-module-parameter-names/2.15.4/jackson-module-parameter-names-2.15.4.jar:/Users/lassegrot/.m2/repository/org/springframework/boot/spring-boot-starter-tomcat/3.1.12/spring-boot-starter-tomcat-3.1.12.jar:/Users/lassegrot/.m2/repository/org/apache/tomcat/embed/tomcat-embed-core/10.1.24/tomcat-embed-core-10.1.24.jar:/Users/lassegrot/.m2/repository/org/apache/tomcat/embed/tomcat-embed-el/10.1.24/tomcat-embed-el-10.1.24.jar:/Users/lassegrot/.m2/repository/org/apache/tomcat/embed/tomcat-embed-websocket/10.1.24/tomcat-embed-websocket-10.1.24.jar:/Users/lassegrot/.m2/repository/org/springframework/spring-web/6.0.21/spring-web-6.0.21.jar:/Users/lassegrot/.m2/repository/org/springframework/spring-beans/6.0.21/spring-beans-6.0.21.jar:/Users/lassegrot/.m2/repository/io/micrometer/micrometer-observation/1.11.12/micrometer-observation-1.11.12.jar:/Users/lassegrot/.m2/repository/io/micrometer/micrometer-commons/1.11.12/micrometer-commons-1.11.12.jar:/Users/lassegrot/.m2/repository/org/springframework/spring-webmvc/6.0.21/spring-webmvc-6.0.21.jar:/Users/lassegrot/.m2/repository/org/springframework/spring-aop/6.0.21/spring-aop-6.0.21.jar:/Users/lassegrot/.m2/repository/org/springframework/spring-context/6.0.21/spring-context-6.0.21.jar:/Users/lassegrot/.m2/repository/org/springframework/spring-expression/6.0.21/spring-expression-6.0.21.jar:/Users/lassegrot/.m2/repository/org/springframework/boot/spring-boot-starter-amqp/3.1.12/spring-boot-starter-amqp-3.1.12.jar:/Users/lassegrot/.m2/repository/org/springframework/spring-messaging/6.0.21/spring-messaging-6.0.21.jar:/Users/lassegrot/.m2/repository/org/springframework/amqp/spring-rabbit/3.0.14/spring-rabbit-3.0.14.jar:/Users/lassegrot/.m2/repository/org/springframework/amqp/spring-amqp/3.0.14/spring-amqp-3.0.14.jar:/Users/lassegrot/.m2/repository/org/springframework/retry/spring-retry/2.0.6/spring-retry-2.0.6.jar:/Users/lassegrot/.m2/repository/com/rabbitmq/amqp-client/5.17.1/amqp-client-5.17.1.jar:/Users/lassegrot/.m2/repository/org/springframework/spring-tx/6.0.21/spring-tx-6.0.21.jar:/Users/lassegrot/.m2/repository/org/springframework/boot/spring-boot-starter-data-mongodb/3.1.12/spring-boot-starter-data-mongodb-3.1.12.jar:/Users/lassegrot/.m2/repository/org/mongodb/mongodb-driver-sync/4.9.1/mongodb-driver-sync-4.9.1.jar:/Users/lassegrot/.m2/repository/org/mongodb/bson/4.9.1/bson-4.9.1.jar:/Users/lassegrot/.m2/repository/org/mongodb/mongodb-driver-core/4.9.1/mongodb-driver-core-4.9.1.jar:/Users/lassegrot/.m2/repository/org/mongodb/bson-record-codec/4.9.1/bson-record-codec-4.9.1.jar:/Users/lassegrot/.m2/repository/org/springframework/data/spring-data-mongodb/4.1.12/spring-data-mongodb-4.1.12.jar:/Users/lassegrot/.m2/repository/org/springframework/data/spring-data-commons/3.1.12/spring-data-commons-3.1.12.jar:/Users/lassegrot/.m2/repository/org/slf4j/slf4j-api/2.0.13/slf4j-api-2.0.13.jar:/Users/lassegrot/.m2/repository/org/springframework/cloud/spring-cloud-starter-netflix-eureka-client/4.0.3/spring-cloud-starter-netflix-eureka-client-4.0.3.jar:/Users/lassegrot/.m2/repository/org/springframework/cloud/spring-cloud-starter/4.0.4/spring-cloud-starter-4.0.4.jar:/Users/lassegrot/.m2/repository/org/springframework/cloud/spring-cloud-context/4.0.4/spring-cloud-context-4.0.4.jar:/Users/lassegrot/.m2/repository/org/springframework/security/spring-security-rsa/1.0.12.RELEASE/spring-security-rsa-1.0.12.RELEASE.jar:/Users/lassegrot/.m2/repository/org/bouncycastle/bcpkix-jdk18on/1.73/bcpkix-jdk18on-1.73.jar:/Users/lassegrot/.m2/repository/org/bouncycastle/bcprov-jdk18on/1.73/bcprov-jdk18on-1.73.jar:/Users/lassegrot/.m2/repository/org/bouncycastle/bcutil-jdk18on/1.73/bcutil-jdk18on-1.73.jar:/Users/lassegrot/.m2/repository/org/springframework/cloud/spring-cloud-netflix-eureka-client/4.0.3/spring-cloud-netflix-eureka-client-4.0.3.jar:/Users/lassegrot/.m2/repository/org/apache/httpcomponents/client5/httpclient5/5.2.3/httpclient5-5.2.3.jar:/Users/lassegrot/.m2/repository/org/apache/httpcomponents/core5/httpcore5/5.2.4/httpcore5-5.2.4.jar:/Users/lassegrot/.m2/repository/org/apache/httpcomponents/core5/httpcore5-h2/5.2.4/httpcore5-h2-5.2.4.jar:/Users/lassegrot/.m2/repository/com/netflix/eureka/eureka-client/2.0.1/eureka-client-2.0.1.jar:/Users/lassegrot/.m2/repository/com/netflix/netflix-commons/netflix-eventbus/0.3.0/netflix-eventbus-0.3.0.jar:/Users/lassegrot/.m2/repository/com/netflix/netflix-commons/netflix-infix/0.3.0/netflix-infix-0.3.0.jar:/Users/lassegrot/.m2/repository/commons-jxpath/commons-jxpath/1.3/commons-jxpath-1.3.jar:/Users/lassegrot/.m2/repository/joda-time/joda-time/2.3/joda-time-2.3.jar:/Users/lassegrot/.m2/repository/org/antlr/antlr-runtime/3.4/antlr-runtime-3.4.jar:/Users/lassegrot/.m2/repository/org/antlr/stringtemplate/3.2.1/stringtemplate-3.2.1.jar:/Users/lassegrot/.m2/repository/antlr/antlr/2.7.7/antlr-2.7.7.jar:/Users/lassegrot/.m2/repository/com/google/code/gson/gson/2.10.1/gson-2.10.1.jar:/Users/lassegrot/.m2/repository/org/apache/commons/commons-math/2.2/commons-math-2.2.jar:/Users/lassegrot/.m2/repository/com/thoughtworks/xstream/xstream/1.4.19/xstream-1.4.19.jar:/Users/lassegrot/.m2/repository/io/github/x-stream/mxparser/1.2.2/mxparser-1.2.2.jar:/Users/lassegrot/.m2/repository/xmlpull/xmlpull/1.1.3.1/xmlpull-1.1.3.1.jar:/Users/lassegrot/.m2/repository/jakarta/ws/rs/jakarta.ws.rs-api/3.1.0/jakarta.ws.rs-api-3.1.0.jar:/Users/lassegrot/.m2/repository/jakarta/inject/jakarta.inject-api/2.0.1/jakarta.inject-api-2.0.1.jar:/Users/lassegrot/.m2/repository/com/netflix/servo/servo-core/0.12.21/servo-core-0.12.21.jar:/Users/lassegrot/.m2/repository/com/google/guava/guava/19.0/guava-19.0.jar:/Users/lassegrot/.m2/repository/org/apache/httpcomponents/httpclient/4.5.3/httpclient-4.5.3.jar:/Users/lassegrot/.m2/repository/org/apache/httpcomponents/httpcore/4.4.16/httpcore-4.4.16.jar:/Users/lassegrot/.m2/repository/commons-codec/commons-codec/1.15/commons-codec-1.15.jar:/Users/lassegrot/.m2/repository/commons-configuration/commons-configuration/1.10/commons-configuration-1.10.jar:/Users/lassegrot/.m2/repository/commons-lang/commons-lang/2.6/commons-lang-2.6.jar:/Users/lassegrot/.m2/repository/com/fasterxml/jackson/core/jackson-annotations/2.15.4/jackson-annotations-2.15.4.jar:/Users/lassegrot/.m2/repository/com/fasterxml/jackson/core/jackson-core/2.15.4/jackson-core-2.15.4.jar:/Users/lassegrot/.m2/repository/org/codehaus/jettison/jettison/1.4.0/jettison-1.4.0.jar:/Users/lassegrot/.m2/repository/com/netflix/eureka/eureka-core/2.0.1/eureka-core-2.0.1.jar:/Users/lassegrot/.m2/repository/jakarta/servlet/jakarta.servlet-api/6.0.0/jakarta.servlet-api-6.0.0.jar:/Users/lassegrot/.m2/repository/com/fasterxml/woodstox/woodstox-core/6.2.1/woodstox-core-6.2.1.jar:/Users/lassegrot/.m2/repository/org/codehaus/woodstox/stax2-api/4.2.1/stax2-api-4.2.1.jar:/Users/lassegrot/.m2/repository/org/springframework/cloud/spring-cloud-starter-loadbalancer/4.0.4/spring-cloud-starter-loadbalancer-4.0.4.jar:/Users/lassegrot/.m2/repository/org/springframework/cloud/spring-cloud-loadbalancer/4.0.4/spring-cloud-loadbalancer-4.0.4.jar:/Users/lassegrot/.m2/repository/io/projectreactor/reactor-core/3.5.17/reactor-core-3.5.17.jar:/Users/lassegrot/.m2/repository/org/reactivestreams/reactive-streams/1.0.4/reactive-streams-1.0.4.jar:/Users/lassegrot/.m2/repository/io/projectreactor/addons/reactor-extra/3.5.1/reactor-extra-3.5.1.jar:/Users/lassegrot/.m2/repository/org/springframework/boot/spring-boot-starter-cache/3.1.12/spring-boot-starter-cache-3.1.12.jar:/Users/lassegrot/.m2/repository/org/springframework/spring-context-support/6.0.21/spring-context-support-6.0.21.jar:/Users/lassegrot/.m2/repository/com/stoyanr/evictor/1.0.0/evictor-1.0.0.jar:/Users/lassegrot/.m2/repository/org/springframework/cloud/spring-cloud-starter-openfeign/4.0.4/spring-cloud-starter-openfeign-4.0.4.jar:/Users/lassegrot/.m2/repository/org/springframework/cloud/spring-cloud-openfeign-core/4.0.4/spring-cloud-openfeign-core-4.0.4.jar:/Users/lassegrot/.m2/repository/org/springframework/boot/spring-boot-starter-aop/3.1.12/spring-boot-starter-aop-3.1.12.jar:/Users/lassegrot/.m2/repository/org/aspectj/aspectjweaver/1.9.22/aspectjweaver-1.9.22.jar:/Users/lassegrot/.m2/repository/io/github/openfeign/form/feign-form-spring/3.8.0/feign-form-spring-3.8.0.jar:/Users/lassegrot/.m2/repository/io/github/openfeign/form/feign-form/3.8.0/feign-form-3.8.0.jar:/Users/lassegrot/.m2/repository/commons-fileupload/commons-fileupload/1.5/commons-fileupload-1.5.jar:/Users/lassegrot/.m2/repository/commons-io/commons-io/2.11.0/commons-io-2.11.0.jar:/Users/lassegrot/.m2/repository/org/springframework/cloud/spring-cloud-commons/4.0.4/spring-cloud-commons-4.0.4.jar:/Users/lassegrot/.m2/repository/org/springframework/security/spring-security-crypto/6.1.9/spring-security-crypto-6.1.9.jar:/Users/lassegrot/.m2/repository/io/github/openfeign/feign-core/12.4/feign-core-12.4.jar:/Users/lassegrot/.m2/repository/io/github/openfeign/feign-slf4j/12.4/feign-slf4j-12.4.jar:/Users/lassegrot/.m2/repository/org/springframework/boot/spring-boot-starter-test/3.1.12/spring-boot-starter-test-3.1.12.jar:/Users/lassegrot/.m2/repository/org/springframework/boot/spring-boot-test/3.1.12/spring-boot-test-3.1.12.jar:/Users/lassegrot/.m2/repository/org/springframework/boot/spring-boot-test-autoconfigure/3.1.12/spring-boot-test-autoconfigure-3.1.12.jar:/Users/lassegrot/.m2/repository/com/jayway/jsonpath/json-path/2.9.0/json-path-2.9.0.jar:/Users/lassegrot/.m2/repository/jakarta/xml/bind/jakarta.xml.bind-api/4.0.2/jakarta.xml.bind-api-4.0.2.jar:/Users/lassegrot/.m2/repository/jakarta/activation/jakarta.activation-api/2.1.3/jakarta.activation-api-2.1.3.jar:/Users/lassegrot/.m2/repository/net/minidev/json-smart/2.4.11/json-smart-2.4.11.jar:/Users/lassegrot/.m2/repository/net/minidev/accessors-smart/2.4.11/accessors-smart-2.4.11.jar:/Users/lassegrot/.m2/repository/org/ow2/asm/asm/9.3/asm-9.3.jar:/Users/lassegrot/.m2/repository/org/assertj/assertj-core/3.24.2/assertj-core-3.24.2.jar:/Users/lassegrot/.m2/repository/net/bytebuddy/byte-buddy/1.14.16/byte-buddy-1.14.16.jar:/Users/lassegrot/.m2/repository/org/hamcrest/hamcrest/2.2/hamcrest-2.2.jar:/Users/lassegrot/.m2/repository/org/mockito/mockito-core/5.3.1/mockito-core-5.3.1.jar:/Users/lassegrot/.m2/repository/net/bytebuddy/byte-buddy-agent/1.14.16/byte-buddy-agent-1.14.16.jar:/Users/lassegrot/.m2/repository/org/objenesis/objenesis/3.3/objenesis-3.3.jar:/Users/lassegrot/.m2/repository/org/skyscreamer/jsonassert/1.5.1/jsonassert-1.5.1.jar:/Users/lassegrot/.m2/repository/com/vaadin/external/google/android-json/0.0.20131108.vaadin1/android-json-0.0.20131108.vaadin1.jar:/Users/lassegrot/.m2/repository/org/springframework/spring-core/6.0.21/spring-core-6.0.21.jar:/Users/lassegrot/.m2/repository/org/springframework/spring-jcl/6.0.21/spring-jcl-6.0.21.jar:/Users/lassegrot/.m2/repository/org/springframework/spring-test/6.0.21/spring-test-6.0.21.jar:/Users/lassegrot/.m2/repository/org/xmlunit/xmlunit-core/2.9.1/xmlunit-core-2.9.1.jar:/Users/lassegrot/.m2/repository/org/junit/jupiter/junit-jupiter/5.9.3/junit-jupiter-5.9.3.jar:/Users/lassegrot/.m2/repository/org/junit/jupiter/junit-jupiter-api/5.9.3/junit-jupiter-api-5.9.3.jar:/Users/lassegrot/.m2/repository/org/opentest4j/opentest4j/1.2.0/opentest4j-1.2.0.jar:/Users/lassegrot/.m2/repository/org/junit/platform/junit-platform-commons/1.9.3/junit-platform-commons-1.9.3.jar:/Users/lassegrot/.m2/repository/org/apiguardian/apiguardian-api/1.1.2/apiguardian-api-1.1.2.jar:/Users/lassegrot/.m2/repository/org/junit/jupiter/junit-jupiter-params/5.9.3/junit-jupiter-params-5.9.3.jar:/Users/lassegrot/.m2/repository/org/junit/jupiter/junit-jupiter-engine/5.9.3/junit-jupiter-engine-5.9.3.jar:/Users/lassegrot/.m2/repository/org/junit/platform/junit-platform-engine/1.9.3/junit-platform-engine-1.9.3.jar:/Users/lassegrot/.m2/repository/org/mockito/mockito-junit-jupiter/5.3.1/mockito-junit-jupiter-5.3.1.jar:"/>
    <property name="sun.cpu.endian" value="little"/>
    <property name="user.home" value="/Users/lassegrot"/>
    <property name="user.language" value="de"/>
    <property name="java.specification.vendor" value="Oracle Corporation"/>
    <property name="java.version.date" value="2025-01-21"/>
    <property name="java.home" value="/usr/local/Cellar/openjdk/23.0.2/libexec/openjdk.jdk/Contents/Home"/>
    <property name="file.separator" value="/"/>
    <property name="basedir" value="/Users/lassegrot/Desktop/PrüfungSlotosNeu/order3"/>
    <property name="java.vm.compressedOopsMode" value="Zero based"/>
    <property name="line.separator" value="&#10;"/>
    <property name="java.vm.specification.vendor" value="Oracle Corporation"/>
    <property name="java.specification.name" value="Java Platform API Specification"/>
    <property name="FILE_LOG_CHARSET" value="UTF-8"/>
    <property name="java.awt.headless" value="true"/>
    <property name="apple.awt.application.name" value="ForkedBooter"/>
    <property name="surefire.real.class.path" value="/Users/lassegrot/Desktop/PrüfungSlotosNeu/order3/target/surefire/surefirebooter-20250323005935923_3.jar"/>
    <property name="sun.management.compiler" value="HotSpot 64-Bit Tiered Compilers"/>
    <property name="ftp.nonProxyHosts" value="local|*.local|169.254/16|*.169.254/16"/>
    <property name="java.runtime.version" value="23.0.2"/>
    <property name="user.name" value="lassegrot"/>
    <property name="stdout.encoding" value="UTF-8"/>
    <property name="path.separator" value=":"/>
    <property name="os.version" value="13.7"/>
    <property name="java.runtime.name" value="OpenJDK Runtime Environment"/>
    <property name="file.encoding" value="UTF-8"/>
    <property name="java.vm.name" value="OpenJDK 64-Bit Server VM"/>
    <property name="java.vendor.version" value="Homebrew"/>
    <property name="localRepository" value="/Users/lassegrot/.m2/repository"/>
    <property name="java.vendor.url.bug" value="https://github.com/Homebrew/homebrew-core/issues"/>
    <property name="java.io.tmpdir" value="/var/folders/q6/zk7d2f9d033dmqqww9bq6lt40000gn/T/"/>
    <property name="java.version" value="23.0.2"/>
    <property name="user.dir" value="/Users/lassegrot/Desktop/PrüfungSlotosNeu/order3"/>
    <property name="os.arch" value="x86_64"/>
    <property name="java.vm.specification.name" value="Java Virtual Machine Specification"/>
    <property name="PID" value="1605"/>
    <property name="CONSOLE_LOG_CHARSET" value="UTF-8"/>
    <property name="native.encoding" value="UTF-8"/>
    <property name="java.library.path" value="/Users/lassegrot/Library/Java/Extensions:/Library/Java/Extensions:/Network/Library/Java/Extensions:/System/Library/Java/Extensions:/usr/lib/java:."/>
    <property name="java.vm.info" value="mixed mode, sharing"/>
    <property name="stderr.encoding" value="UTF-8"/>
    <property name="java.vendor" value="Homebrew"/>
    <property name="java.vm.version" value="23.0.2"/>
    <property name="sun.io.unicode.encoding" value="UnicodeBig"/>
    <property name="socksNonProxyHosts" value="local|*.local|169.254/16|*.169.254/16"/>
    <property name="java.class.version" value="67.0"/>
  </properties>
  <testcase name="contextLoads" classname="com.example.order.test.component.behaviour.OrderServiceTest" time="0.004">
    <error message="Failed to load ApplicationContext for [WebMergedContextConfiguration@101c15ad testClass = com.example.order.test.component.behaviour.OrderServiceTest, locations = [], classes = [com.example.order.OrderApplication], contextInitializerClasses = [], activeProfiles = [], propertySourceLocations = [], propertySourceProperties = [&quot;org.springframework.boot.test.context.SpringBootTestContextBootstrapper=true&quot;], contextCustomizers = [org.springframework.boot.test.context.filter.ExcludeFilterContextCustomizer@aba625, org.springframework.boot.test.json.DuplicateJsonObjectContextCustomizerFactory$DuplicateJsonObjectContextCustomizer@6b09fb41, org.springframework.boot.test.mock.mockito.MockitoContextCustomizer@0, org.springframework.boot.test.web.client.TestRestTemplateContextCustomizer@57db2b13, org.springframework.boot.test.autoconfigure.actuate.observability.ObservabilityContextCustomizerFactory$DisableObservabilityContextCustomizer@1f, org.springframework.boot.test.autoconfigure.properties.PropertyMappingContextCustomizer@0, org.springframework.boot.test.autoconfigure.web.servlet.WebDriverContextCustomizer@1c9b0314, org.springframework.boot.test.context.SpringBootTestAnnotation@78404141], resourceBasePath = &quot;src/main/webapp&quot;, contextLoader = org.springframework.boot.test.context.SpringBootContextLoader, parent = null]" type="java.lang.IllegalStateException"><![CDATA[java.lang.IllegalStateException: Failed to load ApplicationContext for [WebMergedContextConfiguration@101c15ad testClass = com.example.order.test.component.behaviour.OrderServiceTest, locations = [], classes = [com.example.order.OrderApplication], contextInitializerClasses = [], activeProfiles = [], propertySourceLocations = [], propertySourceProperties = ["org.springframework.boot.test.context.SpringBootTestContextBootstrapper=true"], contextCustomizers = [org.springframework.boot.test.context.filter.ExcludeFilterContextCustomizer@aba625, org.springframework.boot.test.json.DuplicateJsonObjectContextCustomizerFactory$DuplicateJsonObjectContextCustomizer@6b09fb41, org.springframework.boot.test.mock.mockito.MockitoContextCustomizer@0, org.springframework.boot.test.web.client.TestRestTemplateContextCustomizer@57db2b13, org.springframework.boot.test.autoconfigure.actuate.observability.ObservabilityContextCustomizerFactory$DisableObservabilityContextCustomizer@1f, org.springframework.boot.test.autoconfigure.properties.PropertyMappingContextCustomizer@0, org.springframework.boot.test.autoconfigure.web.servlet.WebDriverContextCustomizer@1c9b0314, org.springframework.boot.test.context.SpringBootTestAnnotation@78404141], resourceBasePath = "src/main/webapp", contextLoader = org.springframework.boot.test.context.SpringBootContextLoader, parent = null]
	at org.springframework.test.context.cache.DefaultCacheAwareContextLoaderDelegate.loadContext(DefaultCacheAwareContextLoaderDelegate.java:143)
	at org.springframework.test.context.support.DefaultTestContext.getApplicationContext(DefaultTestContext.java:127)
	at org.springframework.test.context.web.ServletTestExecutionListener.setUpRequestContextIfNecessary(ServletTestExecutionListener.java:191)
	at org.springframework.test.context.web.ServletTestExecutionListener.prepareTestInstance(ServletTestExecutionListener.java:130)
	at org.springframework.test.context.TestContextManager.prepareTestInstance(TestContextManager.java:241)
	at org.springframework.test.context.junit.jupiter.SpringExtension.postProcessTestInstance(SpringExtension.java:138)
	at org.junit.jupiter.engine.descriptor.ClassBasedTestDescriptor.lambda$invokeTestInstancePostProcessors$10(ClassBasedTestDescriptor.java:377)
	at org.junit.jupiter.engine.descriptor.ClassBasedTestDescriptor.executeAndMaskThrowable(ClassBasedTestDescriptor.java:382)
	at org.junit.jupiter.engine.descriptor.ClassBasedTestDescriptor.lambda$invokeTestInstancePostProcessors$11(ClassBasedTestDescriptor.java:377)
	at java.base/java.util.stream.ReferencePipeline$3$1.accept(ReferencePipeline.java:215)
	at java.base/java.util.stream.ReferencePipeline$2$1.accept(ReferencePipeline.java:197)
	at java.base/java.util.ArrayList$ArrayListSpliterator.forEachRemaining(ArrayList.java:1709)
	at java.base/java.util.stream.AbstractPipeline.copyInto(AbstractPipeline.java:570)
	at java.base/java.util.stream.AbstractPipeline.wrapAndCopyInto(AbstractPipeline.java:560)
	at java.base/java.util.stream.StreamSpliterators$WrappingSpliterator.forEachRemaining(StreamSpliterators.java:315)
	at java.base/java.util.stream.Streams$ConcatSpliterator.forEachRemaining(Streams.java:735)
	at java.base/java.util.stream.Streams$ConcatSpliterator.forEachRemaining(Streams.java:734)
	at java.base/java.util.stream.ReferencePipeline$Head.forEach(ReferencePipeline.java:807)
	at org.junit.jupiter.engine.descriptor.ClassBasedTestDescriptor.invokeTestInstancePostProcessors(ClassBasedTestDescriptor.java:376)
	at org.junit.jupiter.engine.descriptor.ClassBasedTestDescriptor.lambda$instantiateAndPostProcessTestInstance$6(ClassBasedTestDescriptor.java:289)
	at org.junit.platform.engine.support.hierarchical.ThrowableCollector.execute(ThrowableCollector.java:73)
	at org.junit.jupiter.engine.descriptor.ClassBasedTestDescriptor.instantiateAndPostProcessTestInstance(ClassBasedTestDescriptor.java:288)
	at org.junit.jupiter.engine.descriptor.ClassBasedTestDescriptor.lambda$testInstancesProvider$4(ClassBasedTestDescriptor.java:278)
	at java.base/java.util.Optional.orElseGet(Optional.java:364)
	at org.junit.jupiter.engine.descriptor.ClassBasedTestDescriptor.lambda$testInstancesProvider$5(ClassBasedTestDescriptor.java:277)
	at org.junit.jupiter.engine.execution.TestInstancesProvider.getTestInstances(TestInstancesProvider.java:31)
	at org.junit.jupiter.engine.descriptor.TestMethodTestDescriptor.lambda$prepare$0(TestMethodTestDescriptor.java:105)
	at org.junit.platform.engine.support.hierarchical.ThrowableCollector.execute(ThrowableCollector.java:73)
	at org.junit.jupiter.engine.descriptor.TestMethodTestDescriptor.prepare(TestMethodTestDescriptor.java:104)
	at org.junit.jupiter.engine.descriptor.TestMethodTestDescriptor.prepare(TestMethodTestDescriptor.java:68)
	at org.junit.platform.engine.support.hierarchical.NodeTestTask.lambda$prepare$2(NodeTestTask.java:123)
	at org.junit.platform.engine.support.hierarchical.ThrowableCollector.execute(ThrowableCollector.java:73)
	at org.junit.platform.engine.support.hierarchical.NodeTestTask.prepare(NodeTestTask.java:123)
	at org.junit.platform.engine.support.hierarchical.NodeTestTask.execute(NodeTestTask.java:90)
	at java.base/java.util.ArrayList.forEach(ArrayList.java:1597)
	at org.junit.platform.engine.support.hierarchical.SameThreadHierarchicalTestExecutorService.invokeAll(SameThreadHierarchicalTestExecutorService.java:41)
	at org.junit.platform.engine.support.hierarchical.NodeTestTask.lambda$executeRecursively$6(NodeTestTask.java:155)
	at org.junit.platform.engine.support.hierarchical.ThrowableCollector.execute(ThrowableCollector.java:73)
	at org.junit.platform.engine.support.hierarchical.NodeTestTask.lambda$executeRecursively$8(NodeTestTask.java:141)
	at org.junit.platform.engine.support.hierarchical.Node.around(Node.java:137)
	at org.junit.platform.engine.support.hierarchical.NodeTestTask.lambda$executeRecursively$9(NodeTestTask.java:139)
	at org.junit.platform.engine.support.hierarchical.ThrowableCollector.execute(ThrowableCollector.java:73)
	at org.junit.platform.engine.support.hierarchical.NodeTestTask.executeRecursively(NodeTestTask.java:138)
	at org.junit.platform.engine.support.hierarchical.NodeTestTask.execute(NodeTestTask.java:95)
	at java.base/java.util.ArrayList.forEach(ArrayList.java:1597)
	at org.junit.platform.engine.support.hierarchical.SameThreadHierarchicalTestExecutorService.invokeAll(SameThreadHierarchicalTestExecutorService.java:41)
	at org.junit.platform.engine.support.hierarchical.NodeTestTask.lambda$executeRecursively$6(NodeTestTask.java:155)
	at org.junit.platform.engine.support.hierarchical.ThrowableCollector.execute(ThrowableCollector.java:73)
	at org.junit.platform.engine.support.hierarchical.NodeTestTask.lambda$executeRecursively$8(NodeTestTask.java:141)
	at org.junit.platform.engine.support.hierarchical.Node.around(Node.java:137)
	at org.junit.platform.engine.support.hierarchical.NodeTestTask.lambda$executeRecursively$9(NodeTestTask.java:139)
	at org.junit.platform.engine.support.hierarchical.ThrowableCollector.execute(ThrowableCollector.java:73)
	at org.junit.platform.engine.support.hierarchical.NodeTestTask.executeRecursively(NodeTestTask.java:138)
	at org.junit.platform.engine.support.hierarchical.NodeTestTask.execute(NodeTestTask.java:95)
	at org.junit.platform.engine.support.hierarchical.SameThreadHierarchicalTestExecutorService.submit(SameThreadHierarchicalTestExecutorService.java:35)
	at org.junit.platform.engine.support.hierarchical.HierarchicalTestExecutor.execute(HierarchicalTestExecutor.java:57)
	at org.junit.platform.engine.support.hierarchical.HierarchicalTestEngine.execute(HierarchicalTestEngine.java:54)
	at org.junit.platform.launcher.core.EngineExecutionOrchestrator.execute(EngineExecutionOrchestrator.java:147)
	at org.junit.platform.launcher.core.EngineExecutionOrchestrator.execute(EngineExecutionOrchestrator.java:127)
	at org.junit.platform.launcher.core.EngineExecutionOrchestrator.execute(EngineExecutionOrchestrator.java:90)
	at org.junit.platform.launcher.core.EngineExecutionOrchestrator.lambda$execute$0(EngineExecutionOrchestrator.java:55)
	at org.junit.platform.launcher.core.EngineExecutionOrchestrator.withInterceptedStreams(EngineExecutionOrchestrator.java:102)
	at org.junit.platform.launcher.core.EngineExecutionOrchestrator.execute(EngineExecutionOrchestrator.java:54)
	at org.junit.platform.launcher.core.DefaultLauncher.execute(DefaultLauncher.java:114)
	at org.junit.platform.launcher.core.DefaultLauncher.execute(DefaultLauncher.java:86)
	at org.junit.platform.launcher.core.DefaultLauncherSession$DelegatingLauncher.execute(DefaultLauncherSession.java:86)
	at org.apache.maven.surefire.junitplatform.LazyLauncher.execute(LazyLauncher.java:56)
	at org.apache.maven.surefire.junitplatform.JUnitPlatformProvider.execute(JUnitPlatformProvider.java:184)
	at org.apache.maven.surefire.junitplatform.JUnitPlatformProvider.invokeAllTests(JUnitPlatformProvider.java:148)
	at org.apache.maven.surefire.junitplatform.JUnitPlatformProvider.invoke(JUnitPlatformProvider.java:122)
	at org.apache.maven.surefire.booter.ForkedBooter.runSuitesInProcess(ForkedBooter.java:385)
	at org.apache.maven.surefire.booter.ForkedBooter.execute(ForkedBooter.java:162)
	at org.apache.maven.surefire.booter.ForkedBooter.run(ForkedBooter.java:507)
	at org.apache.maven.surefire.booter.ForkedBooter.main(ForkedBooter.java:495)
Caused by: org.springframework.beans.factory.UnsatisfiedDependencyException: Error creating bean with name 'orderService' defined in file [/Users/lassegrot/Desktop/PrüfungSlotosNeu/order3/target/classes/com/example/order/component/behaviour/OrderService.class]: Unsatisfied dependency expressed through constructor parameter 3: No qualifying bean of type 'com.example.order.connector.ForeignCustomerRestConnectorRequester' available: expected at least 1 bean which qualifies as autowire candidate. Dependency annotations: {}
	at org.springframework.beans.factory.support.ConstructorResolver.createArgumentArray(ConstructorResolver.java:794)
	at org.springframework.beans.factory.support.ConstructorResolver.autowireConstructor(ConstructorResolver.java:236)
	at org.springframework.beans.factory.support.AbstractAutowireCapableBeanFactory.autowireConstructor(AbstractAutowireCapableBeanFactory.java:1350)
	at org.springframework.beans.factory.support.AbstractAutowireCapableBeanFactory.createBeanInstance(AbstractAutowireCapableBeanFactory.java:1187)
	at org.springframework.beans.factory.support.AbstractAutowireCapableBeanFactory.doCreateBean(AbstractAutowireCapableBeanFactory.java:558)
	at org.springframework.beans.factory.support.AbstractAutowireCapableBeanFactory.createBean(AbstractAutowireCapableBeanFactory.java:518)
	at org.springframework.beans.factory.support.AbstractBeanFactory.lambda$doGetBean$0(AbstractBeanFactory.java:326)
	at org.springframework.beans.factory.support.DefaultSingletonBeanRegistry.getSingleton(DefaultSingletonBeanRegistry.java:234)
	at org.springframework.beans.factory.support.AbstractBeanFactory.doGetBean(AbstractBeanFactory.java:324)
	at org.springframework.beans.factory.support.AbstractBeanFactory.getBean(AbstractBeanFactory.java:200)
	at org.springframework.beans.factory.support.DefaultListableBeanFactory.preInstantiateSingletons(DefaultListableBeanFactory.java:973)
	at org.springframework.context.support.AbstractApplicationContext.finishBeanFactoryInitialization(AbstractApplicationContext.java:952)
	at org.springframework.context.support.AbstractApplicationContext.refresh(AbstractApplicationContext.java:615)
	at org.springframework.boot.SpringApplication.refresh(SpringApplication.java:739)
	at org.springframework.boot.SpringApplication.refreshContext(SpringApplication.java:441)
	at org.springframework.boot.SpringApplication.run(SpringApplication.java:325)
	at org.springframework.boot.test.context.SpringBootContextLoader.lambda$loadContext$3(SpringBootContextLoader.java:137)
	at org.springframework.util.function.ThrowingSupplier.get(ThrowingSupplier.java:58)
	at org.springframework.util.function.ThrowingSupplier.get(ThrowingSupplier.java:46)
	at org.springframework.boot.SpringApplication.withHook(SpringApplication.java:1427)
	at org.springframework.boot.test.context.SpringBootContextLoader$ContextLoaderHook.run(SpringBootContextLoader.java:546)
	at org.springframework.boot.test.context.SpringBootContextLoader.loadContext(SpringBootContextLoader.java:137)
	at org.springframework.boot.test.context.SpringBootContextLoader.loadContext(SpringBootContextLoader.java:108)
	at org.springframework.test.context.cache.DefaultCacheAwareContextLoaderDelegate.loadContextInternal(DefaultCacheAwareContextLoaderDelegate.java:187)
	at org.springframework.test.context.cache.DefaultCacheAwareContextLoaderDelegate.loadContext(DefaultCacheAwareContextLoaderDelegate.java:119)
	... 73 more
Caused by: org.springframework.beans.factory.NoSuchBeanDefinitionException: No qualifying bean of type 'com.example.order.connector.ForeignCustomerRestConnectorRequester' available: expected at least 1 bean which qualifies as autowire candidate. Dependency annotations: {}
	at org.springframework.beans.factory.support.DefaultListableBeanFactory.raiseNoMatchingBeanFound(DefaultListableBeanFactory.java:1824)
	at org.springframework.beans.factory.support.DefaultListableBeanFactory.doResolveDependency(DefaultListableBeanFactory.java:1383)
	at org.springframework.beans.factory.support.DefaultListableBeanFactory.resolveDependency(DefaultListableBeanFactory.java:1337)
	at org.springframework.beans.factory.support.ConstructorResolver.resolveAutowiredArgument(ConstructorResolver.java:903)
	at org.springframework.beans.factory.support.ConstructorResolver.createArgumentArray(ConstructorResolver.java:781)
	... 97 more
]]></error>
    <system-out><![CDATA[
  .   ____          _            __ _ _
 /\\ / ___'_ __ _ _(_)_ __  __ _ \ \ \ \
( ( )\___ | '_ | '_| | '_ \/ _` | \ \ \ \
 \\/  ___)| |_)| | | | | || (_| |  ) ) ) )
  '  |____| .__|_| |_|_| |_\__, | / / / /
 =========|_|==============|___/=/_/_/_/
&amp#27;[32m :: Spring Boot :: &amp#27;[39m             &amp#27;[2m (v3.1.12)&amp#27;[0;39m

&amp#27;[2m2025-03-23T00:59:37.471+01:00&amp#27;[0;39m &amp#27;[32m INFO&amp#27;[0;39m &amp#27;[35m1605&amp#27;[0;39m &amp#27;[2m---&amp#27;[0;39m &amp#27;[2m[           main]&amp#27;[0;39m &amp#27;[36mc.e.o.t.c.behaviour.OrderServiceTest    &amp#27;[0;39m &amp#27;[2m:&amp#27;[0;39m Starting OrderServiceTest using Java 23.0.2 with PID 1605 (started by lassegrot in /Users/lassegrot/Desktop/PrüfungSlotosNeu/order3)
&amp#27;[2m2025-03-23T00:59:37.475+01:00&amp#27;[0;39m &amp#27;[32m INFO&amp#27;[0;39m &amp#27;[35m1605&amp#27;[0;39m &amp#27;[2m---&amp#27;[0;39m &amp#27;[2m[           main]&amp#27;[0;39m &amp#27;[36mc.e.o.t.c.behaviour.OrderServiceTest    &amp#27;[0;39m &amp#27;[2m:&amp#27;[0;39m No active profile set, falling back to 1 default profile: "default"
&amp#27;[2m2025-03-23T00:59:38.161+01:00&amp#27;[0;39m &amp#27;[32m INFO&amp#27;[0;39m &amp#27;[35m1605&amp#27;[0;39m &amp#27;[2m---&amp#27;[0;39m &amp#27;[2m[           main]&amp#27;[0;39m &amp#27;[36m.s.d.r.c.RepositoryConfigurationDelegate&amp#27;[0;39m &amp#27;[2m:&amp#27;[0;39m Bootstrapping Spring Data MongoDB repositories in DEFAULT mode.
&amp#27;[2m2025-03-23T00:59:38.291+01:00&amp#27;[0;39m &amp#27;[32m INFO&amp#27;[0;39m &amp#27;[35m1605&amp#27;[0;39m &amp#27;[2m---&amp#27;[0;39m &amp#27;[2m[           main]&amp#27;[0;39m &amp#27;[36m.s.d.r.c.RepositoryConfigurationDelegate&amp#27;[0;39m &amp#27;[2m:&amp#27;[0;39m Finished Spring Data repository scanning in 126 ms. Found 1 MongoDB repository interface.
&amp#27;[2m2025-03-23T00:59:38.736+01:00&amp#27;[0;39m &amp#27;[32m INFO&amp#27;[0;39m &amp#27;[35m1605&amp#27;[0;39m &amp#27;[2m---&amp#27;[0;39m &amp#27;[2m[           main]&amp#27;[0;39m &amp#27;[36mo.s.cloud.context.scope.GenericScope    &amp#27;[0;39m &amp#27;[2m:&amp#27;[0;39m BeanFactory id=60d9a403-455a-3659-938c-d5dc4bc909c2
&amp#27;[2m2025-03-23T00:59:38.834+01:00&amp#27;[0;39m &amp#27;[32m INFO&amp#27;[0;39m &amp#27;[35m1605&amp#27;[0;39m &amp#27;[2m---&amp#27;[0;39m &amp#27;[2m[           main]&amp#27;[0;39m &amp#27;[36mtrationDelegate$BeanPostProcessorChecker&amp#27;[0;39m &amp#27;[2m:&amp#27;[0;39m Bean 'com.example.order.connector.ForeignArticleRestConnectorRequester' of type [org.springframework.cloud.openfeign.FeignClientFactoryBean] is not eligible for getting processed by all BeanPostProcessors (for example: not eligible for auto-proxying)
&amp#27;[2m2025-03-23T00:59:39.093+01:00&amp#27;[0;39m &amp#27;[32m INFO&amp#27;[0;39m &amp#27;[35m1605&amp#27;[0;39m &amp#27;[2m---&amp#27;[0;39m &amp#27;[2m[           main]&amp#27;[0;39m &amp#27;[36morg.mongodb.driver.client               &amp#27;[0;39m &amp#27;[2m:&amp#27;[0;39m MongoClient with metadata {"driver": {"name": "mongo-java-driver|sync|spring-boot", "version": "4.9.1"}, "os": {"type": "Darwin", "name": "Mac OS X", "architecture": "x86_64", "version": "13.7"}, "platform": "Java/Homebrew/23.0.2"} created with settings MongoClientSettings{readPreference=primary, writeConcern=WriteConcern{w=null, wTimeout=null ms, journal=null}, retryWrites=true, retryReads=true, readConcern=ReadConcern{level=null}, credential=MongoCredential{mechanism=null, userName='order_user', source='admin', password=<hidden>, mechanismProperties=<hidden>}, streamFactoryFactory=null, commandListeners=[], codecRegistry=ProvidersCodecRegistry{codecProviders=[ValueCodecProvider{}, BsonValueCodecProvider{}, DBRefCodecProvider{}, DBObjectCodecProvider{}, DocumentCodecProvider{}, CollectionCodecProvider{}, IterableCodecProvider{}, MapCodecProvider{}, GeoJsonCodecProvider{}, GridFSFileCodecProvider{}, Jsr310CodecProvider{}, JsonObjectCodecProvider{}, BsonCodecProvider{}, EnumCodecProvider{}, com.mongodb.client.model.mql.ExpressionCodecProvider@25974207, com.mongodb.Jep395RecordCodecProvider@1f15e689]}, loggerSettings=LoggerSettings{maxDocumentLength=1000}, clusterSettings={hosts=[localhost:27017], srvServiceName=mongodb, mode=SINGLE, requiredClusterType=UNKNOWN, requiredReplicaSetName='null', serverSelector='null', clusterListeners='[]', serverSelectionTimeout='30000 ms', localThreshold='30000 ms'}, socketSettings=SocketSettings{connectTimeoutMS=10000, readTimeoutMS=0, receiveBufferSize=0, sendBufferSize=0}, heartbeatSocketSettings=SocketSettings{connectTimeoutMS=10000, readTimeoutMS=10000, receiveBufferSize=0, sendBufferSize=0}, connectionPoolSettings=ConnectionPoolSettings{maxSize=100, minSize=0, maxWaitTimeMS=120000, maxConnectionLifeTimeMS=0, maxConnectionIdleTimeMS=0, maintenanceInitialDelayMS=0, maintenanceFrequencyMS=60000, connectionPoolListeners=[], maxConnecting=2}, serverSettings=ServerSettings{heartbeatFrequencyMS=10000, minHeartbeatFrequencyMS=500, serverListeners='[]', serverMonitorListeners='[]'}, sslSettings=SslSettings{enabled=false, invalidHostNameAllowed=false, context=null}, applicationName='null', compressorList=[], uuidRepresentation=JAVA_LEGACY, serverApi=null, autoEncryptionSettings=null, contextProvider=null}
&amp#27;[2m2025-03-23T00:59:39.133+01:00&amp#27;[0;39m &amp#27;[32m INFO&amp#27;[0;39m &amp#27;[35m1605&amp#27;[0;39m &amp#27;[2m---&amp#27;[0;39m &amp#27;[2m[localhost:27017]&amp#27;[0;39m &amp#27;[36morg.mongodb.driver.cluster              &amp#27;[0;39m &amp#27;[2m:&amp#27;[0;39m Monitor thread successfully connected to server with description ServerDescription{address=localhost:27017, type=STANDALONE, state=CONNECTED, ok=true, minWireVersion=0, maxWireVersion=25, maxDocumentSize=16777216, logicalSessionTimeoutMinutes=30, roundTripTimeNanos=27471579}
&amp#27;[2m2025-03-23T00:59:39.775+01:00&amp#27;[0;39m &amp#27;[32m INFO&amp#27;[0;39m &amp#27;[35m1605&amp#27;[0;39m &amp#27;[2m---&amp#27;[0;39m &amp#27;[2m[           main]&amp#27;[0;39m &amp#27;[36mo.s.c.openfeign.FeignClientFactoryBean  &amp#27;[0;39m &amp#27;[2m:&amp#27;[0;39m For 'article' URL not provided. Will try picking an instance via load-balancing.
&amp#27;[2m2025-03-23T00:59:39.821+01:00&amp#27;[0;39m &amp#27;[33m WARN&amp#27;[0;39m &amp#27;[35m1605&amp#27;[0;39m &amp#27;[2m---&amp#27;[0;39m &amp#27;[2m[           main]&amp#27;[0;39m &amp#27;[36mo.s.w.c.s.GenericWebApplicationContext  &amp#27;[0;39m &amp#27;[2m:&amp#27;[0;39m Exception encountered during context initialization - cancelling refresh attempt: org.springframework.beans.factory.UnsatisfiedDependencyException: Error creating bean with name 'orderService' defined in file [/Users/lassegrot/Desktop/PrüfungSlotosNeu/order3/target/classes/com/example/order/component/behaviour/OrderService.class]: Unsatisfied dependency expressed through constructor parameter 3: No qualifying bean of type 'com.example.order.connector.ForeignCustomerRestConnectorRequester' available: expected at least 1 bean which qualifies as autowire candidate. Dependency annotations: {}
&amp#27;[2m2025-03-23T00:59:39.841+01:00&amp#27;[0;39m &amp#27;[32m INFO&amp#27;[0;39m &amp#27;[35m1605&amp#27;[0;39m &amp#27;[2m---&amp#27;[0;39m &amp#27;[2m[           main]&amp#27;[0;39m &amp#27;[36m.s.b.a.l.ConditionEvaluationReportLogger&amp#27;[0;39m &amp#27;[2m:&amp#27;[0;39m 

Error starting ApplicationContext. To display the condition evaluation report re-run your application with 'debug' enabled.
&amp#27;[2m2025-03-23T00:59:39.864+01:00&amp#27;[0;39m &amp#27;[31mERROR&amp#27;[0;39m &amp#27;[35m1605&amp#27;[0;39m &amp#27;[2m---&amp#27;[0;39m &amp#27;[2m[           main]&amp#27;[0;39m &amp#27;[36mo.s.b.d.LoggingFailureAnalysisReporter  &amp#27;[0;39m &amp#27;[2m:&amp#27;[0;39m 

***************************
APPLICATION FAILED TO START
***************************

Description:

Parameter 3 of constructor in com.example.order.component.behaviour.OrderService required a bean of type 'com.example.order.connector.ForeignCustomerRestConnectorRequester' that could not be found.


Action:

Consider defining a bean of type 'com.example.order.connector.ForeignCustomerRestConnectorRequester' in your configuration.

&amp#27;[2m2025-03-23T00:59:39.869+01:00&amp#27;[0;39m &amp#27;[31mERROR&amp#27;[0;39m &amp#27;[35m1605&amp#27;[0;39m &amp#27;[2m---&amp#27;[0;39m &amp#27;[2m[           main]&amp#27;[0;39m &amp#27;[36mo.s.test.context.TestContextManager     &amp#27;[0;39m &amp#27;[2m:&amp#27;[0;39m Caught exception while allowing TestExecutionListener [org.springframework.test.context.web.ServletTestExecutionListener] to prepare test instance [com.example.order.test.component.behaviour.OrderServiceTest@6068ebb2]

java.lang.IllegalStateException: Failed to load ApplicationContext for [WebMergedContextConfiguration@101c15ad testClass = com.example.order.test.component.behaviour.OrderServiceTest, locations = [], classes = [com.example.order.OrderApplication], contextInitializerClasses = [], activeProfiles = [], propertySourceLocations = [], propertySourceProperties = ["org.springframework.boot.test.context.SpringBootTestContextBootstrapper=true"], contextCustomizers = [org.springframework.boot.test.context.filter.ExcludeFilterContextCustomizer@aba625, org.springframework.boot.test.json.DuplicateJsonObjectContextCustomizerFactory$DuplicateJsonObjectContextCustomizer@6b09fb41, org.springframework.boot.test.mock.mockito.MockitoContextCustomizer@0, org.springframework.boot.test.web.client.TestRestTemplateContextCustomizer@57db2b13, org.springframework.boot.test.autoconfigure.actuate.observability.ObservabilityContextCustomizerFactory$DisableObservabilityContextCustomizer@1f, org.springframework.boot.test.autoconfigure.properties.PropertyMappingContextCustomizer@0, org.springframework.boot.test.autoconfigure.web.servlet.WebDriverContextCustomizer@1c9b0314, org.springframework.boot.test.context.SpringBootTestAnnotation@78404141], resourceBasePath = "src/main/webapp", contextLoader = org.springframework.boot.test.context.SpringBootContextLoader, parent = null]
	at org.springframework.test.context.cache.DefaultCacheAwareContextLoaderDelegate.loadContext(DefaultCacheAwareContextLoaderDelegate.java:143) ~[spring-test-6.0.21.jar:6.0.21]
	at org.springframework.test.context.support.DefaultTestContext.getApplicationContext(DefaultTestContext.java:127) ~[spring-test-6.0.21.jar:6.0.21]
	at org.springframework.test.context.web.ServletTestExecutionListener.setUpRequestContextIfNecessary(ServletTestExecutionListener.java:191) ~[spring-test-6.0.21.jar:6.0.21]
	at org.springframework.test.context.web.ServletTestExecutionListener.prepareTestInstance(ServletTestExecutionListener.java:130) ~[spring-test-6.0.21.jar:6.0.21]
	at org.springframework.test.context.TestContextManager.prepareTestInstance(TestContextManager.java:241) ~[spring-test-6.0.21.jar:6.0.21]
	at org.springframework.test.context.junit.jupiter.SpringExtension.postProcessTestInstance(SpringExtension.java:138) ~[spring-test-6.0.21.jar:6.0.21]
	at org.junit.jupiter.engine.descriptor.ClassBasedTestDescriptor.lambda$invokeTestInstancePostProcessors$10(ClassBasedTestDescriptor.java:377) ~[junit-jupiter-engine-5.9.3.jar:5.9.3]
	at org.junit.jupiter.engine.descriptor.ClassBasedTestDescriptor.executeAndMaskThrowable(ClassBasedTestDescriptor.java:382) ~[junit-jupiter-engine-5.9.3.jar:5.9.3]
	at org.junit.jupiter.engine.descriptor.ClassBasedTestDescriptor.lambda$invokeTestInstancePostProcessors$11(ClassBasedTestDescriptor.java:377) ~[junit-jupiter-engine-5.9.3.jar:5.9.3]
	at java.base/java.util.stream.ReferencePipeline$3$1.accept(ReferencePipeline.java:215) ~[na:na]
	at java.base/java.util.stream.ReferencePipeline$2$1.accept(ReferencePipeline.java:197) ~[na:na]
	at java.base/java.util.ArrayList$ArrayListSpliterator.forEachRemaining(ArrayList.java:1709) ~[na:na]
	at java.base/java.util.stream.AbstractPipeline.copyInto(AbstractPipeline.java:570) ~[na:na]
	at java.base/java.util.stream.AbstractPipeline.wrapAndCopyInto(AbstractPipeline.java:560) ~[na:na]
	at java.base/java.util.stream.StreamSpliterators$WrappingSpliterator.forEachRemaining(StreamSpliterators.java:315) ~[na:na]
	at java.base/java.util.stream.Streams$ConcatSpliterator.forEachRemaining(Streams.java:735) ~[na:na]
	at java.base/java.util.stream.Streams$ConcatSpliterator.forEachRemaining(Streams.java:734) ~[na:na]
	at java.base/java.util.stream.ReferencePipeline$Head.forEach(ReferencePipeline.java:807) ~[na:na]
	at org.junit.jupiter.engine.descriptor.ClassBasedTestDescriptor.invokeTestInstancePostProcessors(ClassBasedTestDescriptor.java:376) ~[junit-jupiter-engine-5.9.3.jar:5.9.3]
	at org.junit.jupiter.engine.descriptor.ClassBasedTestDescriptor.lambda$instantiateAndPostProcessTestInstance$6(ClassBasedTestDescriptor.java:289) ~[junit-jupiter-engine-5.9.3.jar:5.9.3]
	at org.junit.platform.engine.support.hierarchical.ThrowableCollector.execute(ThrowableCollector.java:73) ~[junit-platform-engine-1.9.3.jar:1.9.3]
	at org.junit.jupiter.engine.descriptor.ClassBasedTestDescriptor.instantiateAndPostProcessTestInstance(ClassBasedTestDescriptor.java:288) ~[junit-jupiter-engine-5.9.3.jar:5.9.3]
	at org.junit.jupiter.engine.descriptor.ClassBasedTestDescriptor.lambda$testInstancesProvider$4(ClassBasedTestDescriptor.java:278) ~[junit-jupiter-engine-5.9.3.jar:5.9.3]
	at java.base/java.util.Optional.orElseGet(Optional.java:364) ~[na:na]
	at org.junit.jupiter.engine.descriptor.ClassBasedTestDescriptor.lambda$testInstancesProvider$5(ClassBasedTestDescriptor.java:277) ~[junit-jupiter-engine-5.9.3.jar:5.9.3]
	at org.junit.jupiter.engine.execution.TestInstancesProvider.getTestInstances(TestInstancesProvider.java:31) ~[junit-jupiter-engine-5.9.3.jar:5.9.3]
	at org.junit.jupiter.engine.descriptor.TestMethodTestDescriptor.lambda$prepare$0(TestMethodTestDescriptor.java:105) ~[junit-jupiter-engine-5.9.3.jar:5.9.3]
	at org.junit.platform.engine.support.hierarchical.ThrowableCollector.execute(ThrowableCollector.java:73) ~[junit-platform-engine-1.9.3.jar:1.9.3]
	at org.junit.jupiter.engine.descriptor.TestMethodTestDescriptor.prepare(TestMethodTestDescriptor.java:104) ~[junit-jupiter-engine-5.9.3.jar:5.9.3]
	at org.junit.jupiter.engine.descriptor.TestMethodTestDescriptor.prepare(TestMethodTestDescriptor.java:68) ~[junit-jupiter-engine-5.9.3.jar:5.9.3]
	at org.junit.platform.engine.support.hierarchical.NodeTestTask.lambda$prepare$2(NodeTestTask.java:123) ~[junit-platform-engine-1.9.3.jar:1.9.3]
	at org.junit.platform.engine.support.hierarchical.ThrowableCollector.execute(ThrowableCollector.java:73) ~[junit-platform-engine-1.9.3.jar:1.9.3]
	at org.junit.platform.engine.support.hierarchical.NodeTestTask.prepare(NodeTestTask.java:123) ~[junit-platform-engine-1.9.3.jar:1.9.3]
	at org.junit.platform.engine.support.hierarchical.NodeTestTask.execute(NodeTestTask.java:90) ~[junit-platform-engine-1.9.3.jar:1.9.3]
	at java.base/java.util.ArrayList.forEach(ArrayList.java:1597) ~[na:na]
	at org.junit.platform.engine.support.hierarchical.SameThreadHierarchicalTestExecutorService.invokeAll(SameThreadHierarchicalTestExecutorService.java:41) ~[junit-platform-engine-1.9.3.jar:1.9.3]
	at org.junit.platform.engine.support.hierarchical.NodeTestTask.lambda$executeRecursively$6(NodeTestTask.java:155) ~[junit-platform-engine-1.9.3.jar:1.9.3]
	at org.junit.platform.engine.support.hierarchical.ThrowableCollector.execute(ThrowableCollector.java:73) ~[junit-platform-engine-1.9.3.jar:1.9.3]
	at org.junit.platform.engine.support.hierarchical.NodeTestTask.lambda$executeRecursively$8(NodeTestTask.java:141) ~[junit-platform-engine-1.9.3.jar:1.9.3]
	at org.junit.platform.engine.support.hierarchical.Node.around(Node.java:137) ~[junit-platform-engine-1.9.3.jar:1.9.3]
	at org.junit.platform.engine.support.hierarchical.NodeTestTask.lambda$executeRecursively$9(NodeTestTask.java:139) ~[junit-platform-engine-1.9.3.jar:1.9.3]
	at org.junit.platform.engine.support.hierarchical.ThrowableCollector.execute(ThrowableCollector.java:73) ~[junit-platform-engine-1.9.3.jar:1.9.3]
	at org.junit.platform.engine.support.hierarchical.NodeTestTask.executeRecursively(NodeTestTask.java:138) ~[junit-platform-engine-1.9.3.jar:1.9.3]
	at org.junit.platform.engine.support.hierarchical.NodeTestTask.execute(NodeTestTask.java:95) ~[junit-platform-engine-1.9.3.jar:1.9.3]
	at java.base/java.util.ArrayList.forEach(ArrayList.java:1597) ~[na:na]
	at org.junit.platform.engine.support.hierarchical.SameThreadHierarchicalTestExecutorService.invokeAll(SameThreadHierarchicalTestExecutorService.java:41) ~[junit-platform-engine-1.9.3.jar:1.9.3]
	at org.junit.platform.engine.support.hierarchical.NodeTestTask.lambda$executeRecursively$6(NodeTestTask.java:155) ~[junit-platform-engine-1.9.3.jar:1.9.3]
	at org.junit.platform.engine.support.hierarchical.ThrowableCollector.execute(ThrowableCollector.java:73) ~[junit-platform-engine-1.9.3.jar:1.9.3]
	at org.junit.platform.engine.support.hierarchical.NodeTestTask.lambda$executeRecursively$8(NodeTestTask.java:141) ~[junit-platform-engine-1.9.3.jar:1.9.3]
	at org.junit.platform.engine.support.hierarchical.Node.around(Node.java:137) ~[junit-platform-engine-1.9.3.jar:1.9.3]
	at org.junit.platform.engine.support.hierarchical.NodeTestTask.lambda$executeRecursively$9(NodeTestTask.java:139) ~[junit-platform-engine-1.9.3.jar:1.9.3]
	at org.junit.platform.engine.support.hierarchical.ThrowableCollector.execute(ThrowableCollector.java:73) ~[junit-platform-engine-1.9.3.jar:1.9.3]
	at org.junit.platform.engine.support.hierarchical.NodeTestTask.executeRecursively(NodeTestTask.java:138) ~[junit-platform-engine-1.9.3.jar:1.9.3]
	at org.junit.platform.engine.support.hierarchical.NodeTestTask.execute(NodeTestTask.java:95) ~[junit-platform-engine-1.9.3.jar:1.9.3]
	at org.junit.platform.engine.support.hierarchical.SameThreadHierarchicalTestExecutorService.submit(SameThreadHierarchicalTestExecutorService.java:35) ~[junit-platform-engine-1.9.3.jar:1.9.3]
	at org.junit.platform.engine.support.hierarchical.HierarchicalTestExecutor.execute(HierarchicalTestExecutor.java:57) ~[junit-platform-engine-1.9.3.jar:1.9.3]
	at org.junit.platform.engine.support.hierarchical.HierarchicalTestEngine.execute(HierarchicalTestEngine.java:54) ~[junit-platform-engine-1.9.3.jar:1.9.3]
	at org.junit.platform.launcher.core.EngineExecutionOrchestrator.execute(EngineExecutionOrchestrator.java:147) ~[junit-platform-launcher-1.9.3.jar:1.9.3]
	at org.junit.platform.launcher.core.EngineExecutionOrchestrator.execute(EngineExecutionOrchestrator.java:127) ~[junit-platform-launcher-1.9.3.jar:1.9.3]
	at org.junit.platform.launcher.core.EngineExecutionOrchestrator.execute(EngineExecutionOrchestrator.java:90) ~[junit-platform-launcher-1.9.3.jar:1.9.3]
	at org.junit.platform.launcher.core.EngineExecutionOrchestrator.lambda$execute$0(EngineExecutionOrchestrator.java:55) ~[junit-platform-launcher-1.9.3.jar:1.9.3]
	at org.junit.platform.launcher.core.EngineExecutionOrchestrator.withInterceptedStreams(EngineExecutionOrchestrator.java:102) ~[junit-platform-launcher-1.9.3.jar:1.9.3]
	at org.junit.platform.launcher.core.EngineExecutionOrchestrator.execute(EngineExecutionOrchestrator.java:54) ~[junit-platform-launcher-1.9.3.jar:1.9.3]
	at org.junit.platform.launcher.core.DefaultLauncher.execute(DefaultLauncher.java:114) ~[junit-platform-launcher-1.9.3.jar:1.9.3]
	at org.junit.platform.launcher.core.DefaultLauncher.execute(DefaultLauncher.java:86) ~[junit-platform-launcher-1.9.3.jar:1.9.3]
	at org.junit.platform.launcher.core.DefaultLauncherSession$DelegatingLauncher.execute(DefaultLauncherSession.java:86) ~[junit-platform-launcher-1.9.3.jar:1.9.3]
	at org.apache.maven.surefire.junitplatform.LazyLauncher.execute(LazyLauncher.java:56) ~[surefire-junit-platform-3.2.3.jar:3.2.3]
	at org.apache.maven.surefire.junitplatform.JUnitPlatformProvider.execute(JUnitPlatformProvider.java:184) ~[surefire-junit-platform-3.2.3.jar:3.2.3]
	at org.apache.maven.surefire.junitplatform.JUnitPlatformProvider.invokeAllTests(JUnitPlatformProvider.java:148) ~[surefire-junit-platform-3.2.3.jar:3.2.3]
	at org.apache.maven.surefire.junitplatform.JUnitPlatformProvider.invoke(JUnitPlatformProvider.java:122) ~[surefire-junit-platform-3.2.3.jar:3.2.3]
	at org.apache.maven.surefire.booter.ForkedBooter.runSuitesInProcess(ForkedBooter.java:385) ~[surefire-booter-3.2.3.jar:3.2.3]
	at org.apache.maven.surefire.booter.ForkedBooter.execute(ForkedBooter.java:162) ~[surefire-booter-3.2.3.jar:3.2.3]
	at org.apache.maven.surefire.booter.ForkedBooter.run(ForkedBooter.java:507) ~[surefire-booter-3.2.3.jar:3.2.3]
	at org.apache.maven.surefire.booter.ForkedBooter.main(ForkedBooter.java:495) ~[surefire-booter-3.2.3.jar:3.2.3]
Caused by: org.springframework.beans.factory.UnsatisfiedDependencyException: Error creating bean with name 'orderService' defined in file [/Users/lassegrot/Desktop/PrüfungSlotosNeu/order3/target/classes/com/example/order/component/behaviour/OrderService.class]: Unsatisfied dependency expressed through constructor parameter 3: No qualifying bean of type 'com.example.order.connector.ForeignCustomerRestConnectorRequester' available: expected at least 1 bean which qualifies as autowire candidate. Dependency annotations: {}
	at org.springframework.beans.factory.support.ConstructorResolver.createArgumentArray(ConstructorResolver.java:794) ~[spring-beans-6.0.21.jar:6.0.21]
	at org.springframework.beans.factory.support.ConstructorResolver.autowireConstructor(ConstructorResolver.java:236) ~[spring-beans-6.0.21.jar:6.0.21]
	at org.springframework.beans.factory.support.AbstractAutowireCapableBeanFactory.autowireConstructor(AbstractAutowireCapableBeanFactory.java:1350) ~[spring-beans-6.0.21.jar:6.0.21]
	at org.springframework.beans.factory.support.AbstractAutowireCapableBeanFactory.createBeanInstance(AbstractAutowireCapableBeanFactory.java:1187) ~[spring-beans-6.0.21.jar:6.0.21]
	at org.springframework.beans.factory.support.AbstractAutowireCapableBeanFactory.doCreateBean(AbstractAutowireCapableBeanFactory.java:558) ~[spring-beans-6.0.21.jar:6.0.21]
	at org.springframework.beans.factory.support.AbstractAutowireCapableBeanFactory.createBean(AbstractAutowireCapableBeanFactory.java:518) ~[spring-beans-6.0.21.jar:6.0.21]
	at org.springframework.beans.factory.support.AbstractBeanFactory.lambda$doGetBean$0(AbstractBeanFactory.java:326) ~[spring-beans-6.0.21.jar:6.0.21]
	at org.springframework.beans.factory.support.DefaultSingletonBeanRegistry.getSingleton(DefaultSingletonBeanRegistry.java:234) ~[spring-beans-6.0.21.jar:6.0.21]
	at org.springframework.beans.factory.support.AbstractBeanFactory.doGetBean(AbstractBeanFactory.java:324) ~[spring-beans-6.0.21.jar:6.0.21]
	at org.springframework.beans.factory.support.AbstractBeanFactory.getBean(AbstractBeanFactory.java:200) ~[spring-beans-6.0.21.jar:6.0.21]
	at org.springframework.beans.factory.support.DefaultListableBeanFactory.preInstantiateSingletons(DefaultListableBeanFactory.java:973) ~[spring-beans-6.0.21.jar:6.0.21]
	at org.springframework.context.support.AbstractApplicationContext.finishBeanFactoryInitialization(AbstractApplicationContext.java:952) ~[spring-context-6.0.21.jar:6.0.21]
	at org.springframework.context.support.AbstractApplicationContext.refresh(AbstractApplicationContext.java:615) ~[spring-context-6.0.21.jar:6.0.21]
	at org.springframework.boot.SpringApplication.refresh(SpringApplication.java:739) ~[spring-boot-3.1.12.jar:3.1.12]
	at org.springframework.boot.SpringApplication.refreshContext(SpringApplication.java:441) ~[spring-boot-3.1.12.jar:3.1.12]
	at org.springframework.boot.SpringApplication.run(SpringApplication.java:325) ~[spring-boot-3.1.12.jar:3.1.12]
	at org.springframework.boot.test.context.SpringBootContextLoader.lambda$loadContext$3(SpringBootContextLoader.java:137) ~[spring-boot-test-3.1.12.jar:3.1.12]
	at org.springframework.util.function.ThrowingSupplier.get(ThrowingSupplier.java:58) ~[spring-core-6.0.21.jar:6.0.21]
	at org.springframework.util.function.ThrowingSupplier.get(ThrowingSupplier.java:46) ~[spring-core-6.0.21.jar:6.0.21]
	at org.springframework.boot.SpringApplication.withHook(SpringApplication.java:1427) ~[spring-boot-3.1.12.jar:3.1.12]
	at org.springframework.boot.test.context.SpringBootContextLoader$ContextLoaderHook.run(SpringBootContextLoader.java:546) ~[spring-boot-test-3.1.12.jar:3.1.12]
	at org.springframework.boot.test.context.SpringBootContextLoader.loadContext(SpringBootContextLoader.java:137) ~[spring-boot-test-3.1.12.jar:3.1.12]
	at org.springframework.boot.test.context.SpringBootContextLoader.loadContext(SpringBootContextLoader.java:108) ~[spring-boot-test-3.1.12.jar:3.1.12]
	at org.springframework.test.context.cache.DefaultCacheAwareContextLoaderDelegate.loadContextInternal(DefaultCacheAwareContextLoaderDelegate.java:187) ~[spring-test-6.0.21.jar:6.0.21]
	at org.springframework.test.context.cache.DefaultCacheAwareContextLoaderDelegate.loadContext(DefaultCacheAwareContextLoaderDelegate.java:119) ~[spring-test-6.0.21.jar:6.0.21]
	... 73 common frames omitted
Caused by: org.springframework.beans.factory.NoSuchBeanDefinitionException: No qualifying bean of type 'com.example.order.connector.ForeignCustomerRestConnectorRequester' available: expected at least 1 bean which qualifies as autowire candidate. Dependency annotations: {}
	at org.springframework.beans.factory.support.DefaultListableBeanFactory.raiseNoMatchingBeanFound(DefaultListableBeanFactory.java:1824) ~[spring-beans-6.0.21.jar:6.0.21]
	at org.springframework.beans.factory.support.DefaultListableBeanFactory.doResolveDependency(DefaultListableBeanFactory.java:1383) ~[spring-beans-6.0.21.jar:6.0.21]
	at org.springframework.beans.factory.support.DefaultListableBeanFactory.resolveDependency(DefaultListableBeanFactory.java:1337) ~[spring-beans-6.0.21.jar:6.0.21]
	at org.springframework.beans.factory.support.ConstructorResolver.resolveAutowiredArgument(ConstructorResolver.java:903) ~[spring-beans-6.0.21.jar:6.0.21]
	at org.springframework.beans.factory.support.ConstructorResolver.createArgumentArray(ConstructorResolver.java:781) ~[spring-beans-6.0.21.jar:6.0.21]
	... 97 common frames omitted

]]></system-out>
    <system-err><![CDATA[


============================
CONDITIONS EVALUATION REPORT
============================


Positive matches:
-----------------

    None


Negative matches:
-----------------

    None


Exclusions:
-----------

    None


Unconditional classes:
----------------------

    None



]]></system-err>
  </testcase>
</testsuite>